<?xml version="1.0" encoding="UTF-8"?>
<!-- Generated by org.testng.reporters.JUnitReportReporter -->
<testsuite hostname="ip-192-168-122-27.us-east-2.compute.internal" name="com.java.DELLPKG.AppTest2" tests="1" failures="0" timestamp="8 Jun 2019 15:38:15 GMT" time="0.000" errors="0">
  <testcase name="unitLevel1" time="0.000" classname="com.java.DELLPKG.AppTest2"/>
</testsuite> <!-- com.java.DELLPKG.AppTest2 -->
